[16:01:14] [main/INFO]: Environment: authHost='https://authserver.mojang.com', accountsHost='https://api.mojang.com', sessionHost='https://sessionserver.mojang.com', servicesHost='https://api.minecraftservices.com', name='PROD'
[16:01:24] [main/WARN]: Ambiguity between arguments [teleport, destination] and [teleport, targets] with inputs: [Player, 0123, @e, dd12be42-52a9-4a91-a8a1-11c01849e498]
[16:01:24] [main/WARN]: Ambiguity between arguments [teleport, location] and [teleport, destination] with inputs: [0.1 -0.5 .9, 0 0 0]
[16:01:24] [main/WARN]: Ambiguity between arguments [teleport, location] and [teleport, targets] with inputs: [0.1 -0.5 .9, 0 0 0]
[16:01:24] [main/WARN]: Ambiguity between arguments [teleport, targets] and [teleport, destination] with inputs: [Player, 0123, dd12be42-52a9-4a91-a8a1-11c01849e498]
[16:01:24] [main/WARN]: Ambiguity between arguments [teleport, targets, location] and [teleport, targets, destination] with inputs: [0.1 -0.5 .9, 0 0 0]
[16:01:24] [main/INFO]: Reloading ResourceManager: Default
[16:01:33] [Worker-Main-10/INFO]: Loaded 7 recipes
[16:01:38] [Worker-Main-10/INFO]: Loaded 927 advancements
[16:01:57] [Server thread/INFO]: Starting minecraft server version 1.16.5
[16:01:57] [Server thread/INFO]: Loading properties
[16:01:57] [Server thread/INFO]: Default game type: SURVIVAL
[16:01:57] [Server thread/INFO]: Generating keypair
[16:01:58] [Server thread/INFO]: Starting Minecraft server on *:25565
[16:01:58] [Server thread/INFO]: Using default channel type
[16:02:00] [Server thread/WARN]: **** SERVER IS RUNNING IN OFFLINE/INSECURE MODE!
[16:02:00] [Server thread/WARN]: The server will make no attempt to authenticate usernames. Beware.
[16:02:00] [Server thread/WARN]: While this makes the game possible to play without internet access, it also opens up the ability for hackers to connect with any username they choose.
[16:02:00] [Server thread/WARN]: To change this, set "online-mode" to "true" in the server.properties file.
[16:02:00] [Server thread/INFO]: Preparing level "world"
[16:02:01] [Server thread/INFO]: Preparing start region for dimension minecraft:overworld
[16:02:29] [Server thread/INFO]: Preparing spawn area: 0%
[16:02:29] [Server thread/INFO]: Preparing spawn area: 0%
[16:02:29] [Server thread/INFO]: Preparing spawn area: 0%
[16:02:29] [Server thread/INFO]: Preparing spawn area: 0%
[16:02:29] [Server thread/INFO]: Preparing spawn area: 0%
[16:02:29] [Server thread/INFO]: Preparing spawn area: 0%
[16:02:29] [Server thread/INFO]: Preparing spawn area: 0%
[16:02:29] [Server thread/INFO]: Preparing spawn area: 0%
[16:02:29] [Server thread/INFO]: Preparing spawn area: 0%
[16:02:29] [Server thread/INFO]: Preparing spawn area: 0%
[16:02:29] [Server thread/INFO]: Preparing spawn area: 0%
[16:02:30] [Server thread/INFO]: Preparing spawn area: 0%
[16:02:30] [Server thread/INFO]: Preparing spawn area: 0%
[16:02:30] [Server thread/INFO]: Preparing spawn area: 0%
[16:02:30] [Server thread/INFO]: Preparing spawn area: 0%
[16:02:30] [Server thread/INFO]: Preparing spawn area: 0%
[16:02:30] [Server thread/INFO]: Preparing spawn area: 0%
[16:02:30] [Server thread/INFO]: Preparing spawn area: 0%
[16:02:30] [Server thread/INFO]: Preparing spawn area: 0%
[16:02:30] [Server thread/INFO]: Preparing spawn area: 0%
[16:02:30] [Server thread/INFO]: Preparing spawn area: 0%
[16:02:30] [Server thread/INFO]: Preparing spawn area: 0%
[16:02:30] [Server thread/INFO]: Preparing spawn area: 0%
[16:02:30] [Server thread/INFO]: Preparing spawn area: 0%
[16:02:30] [Server thread/INFO]: Preparing spawn area: 0%
[16:02:30] [Server thread/INFO]: Preparing spawn area: 0%
[16:02:30] [Server thread/INFO]: Preparing spawn area: 0%
[16:02:30] [Server thread/INFO]: Preparing spawn area: 0%
[16:02:30] [Server thread/INFO]: Preparing spawn area: 0%
[16:02:30] [Server thread/INFO]: Preparing spawn area: 0%
[16:02:30] [Server thread/INFO]: Preparing spawn area: 0%
[16:02:30] [Server thread/INFO]: Preparing spawn area: 0%
[16:02:30] [Server thread/INFO]: Preparing spawn area: 0%
[16:02:30] [Server thread/INFO]: Preparing spawn area: 0%
[16:02:30] [Server thread/INFO]: Preparing spawn area: 0%
[16:02:30] [Server thread/INFO]: Preparing spawn area: 0%
[16:02:30] [Server thread/INFO]: Preparing spawn area: 0%
[16:02:30] [Server thread/INFO]: Preparing spawn area: 0%
[16:02:30] [Server thread/INFO]: Preparing spawn area: 0%
[16:02:30] [Server thread/INFO]: Preparing spawn area: 0%
[16:02:30] [Server thread/INFO]: Preparing spawn area: 0%
[16:02:30] [Server thread/INFO]: Preparing spawn area: 0%
[16:02:30] [Server thread/INFO]: Preparing spawn area: 0%
[16:02:30] [Server thread/INFO]: Preparing spawn area: 0%
[16:02:30] [Server thread/INFO]: Preparing spawn area: 0%
[16:02:30] [Server thread/INFO]: Preparing spawn area: 0%
[16:02:30] [Server thread/INFO]: Preparing spawn area: 0%
[16:02:30] [Server thread/INFO]: Preparing spawn area: 0%
[16:02:30] [Server thread/INFO]: Preparing spawn area: 0%
[16:02:30] [Server thread/INFO]: Preparing spawn area: 0%
[16:02:30] [Server thread/INFO]: Preparing spawn area: 0%
[16:02:30] [Server thread/INFO]: Preparing spawn area: 0%
[16:02:30] [Server thread/INFO]: Preparing spawn area: 0%
[16:02:30] [Server thread/INFO]: Preparing spawn area: 0%
[16:02:30] [Server thread/INFO]: Preparing spawn area: 0%
[16:02:30] [Server thread/INFO]: Preparing spawn area: 0%
[16:02:30] [Server thread/INFO]: Preparing spawn area: 0%
[16:02:30] [Server thread/INFO]: Preparing spawn area: 0%
[16:02:30] [Server thread/INFO]: Preparing spawn area: 0%
[16:02:31] [Worker-Main-10/INFO]: Preparing spawn area: 0%
[16:02:31] [Server thread/INFO]: Preparing spawn area: 0%
[16:02:32] [Server thread/INFO]: Preparing spawn area: 1%
[16:02:32] [Server thread/INFO]: Preparing spawn area: 9%
[16:02:33] [Server thread/INFO]: Preparing spawn area: 11%
[16:02:34] [Server thread/INFO]: Preparing spawn area: 15%
[16:02:34] [Server thread/INFO]: Preparing spawn area: 15%
[16:02:34] [Server thread/INFO]: Preparing spawn area: 15%
[16:02:35] [Server thread/INFO]: Preparing spawn area: 47%
[16:02:35] [Server thread/INFO]: Preparing spawn area: 55%
[16:02:37] [Server thread/INFO]: Preparing spawn area: 56%
[16:02:37] [Server thread/INFO]: Preparing spawn area: 56%
[16:02:37] [Server thread/INFO]: Preparing spawn area: 56%
[16:03:41] [Worker-Main-10/INFO]: Preparing spawn area: 83%
[16:03:41] [Worker-Main-11/INFO]: Preparing spawn area: 83%
[16:03:41] [Worker-Main-12/INFO]: Preparing spawn area: 83%
[16:03:41] [Worker-Main-11/INFO]: Preparing spawn area: 83%
[16:03:41] [Worker-Main-11/INFO]: Preparing spawn area: 83%
[16:03:41] [Worker-Main-12/INFO]: Preparing spawn area: 83%
[16:03:41] [Worker-Main-11/INFO]: Preparing spawn area: 83%
[16:03:41] [Worker-Main-10/INFO]: Preparing spawn area: 83%
[16:03:41] [Worker-Main-11/INFO]: Preparing spawn area: 83%
[16:03:41] [Worker-Main-10/INFO]: Preparing spawn area: 83%
[16:03:41] [Worker-Main-11/INFO]: Preparing spawn area: 83%
[16:03:41] [Worker-Main-10/INFO]: Preparing spawn area: 83%
[16:03:41] [Worker-Main-11/INFO]: Preparing spawn area: 83%
[16:03:41] [Worker-Main-12/INFO]: Preparing spawn area: 83%
[16:03:41] [Worker-Main-10/INFO]: Preparing spawn area: 83%
[16:03:41] [Worker-Main-12/INFO]: Preparing spawn area: 83%
[16:03:41] [Worker-Main-11/INFO]: Preparing spawn area: 83%
[16:03:41] [Worker-Main-10/INFO]: Preparing spawn area: 83%
[16:03:41] [Worker-Main-12/INFO]: Preparing spawn area: 83%
[16:03:41] [Worker-Main-11/INFO]: Preparing spawn area: 83%
[16:03:41] [Worker-Main-11/INFO]: Preparing spawn area: 83%
[16:03:41] [Worker-Main-12/INFO]: Preparing spawn area: 83%
[16:03:41] [Worker-Main-11/INFO]: Preparing spawn area: 83%
[16:03:41] [Worker-Main-11/INFO]: Preparing spawn area: 83%
[16:03:41] [Worker-Main-12/INFO]: Preparing spawn area: 83%
[16:03:41] [Worker-Main-9/INFO]: Preparing spawn area: 83%
[16:03:41] [Worker-Main-8/INFO]: Preparing spawn area: 83%
[16:03:41] [Worker-Main-13/INFO]: Preparing spawn area: 83%
[16:03:42] [Worker-Main-14/INFO]: Preparing spawn area: 83%
[16:03:42] [Worker-Main-8/INFO]: Preparing spawn area: 83%
[16:03:42] [Worker-Main-8/INFO]: Preparing spawn area: 83%
[16:03:42] [Worker-Main-12/INFO]: Preparing spawn area: 83%
[16:03:42] [Worker-Main-14/INFO]: Preparing spawn area: 83%
[16:03:42] [Worker-Main-11/INFO]: Preparing spawn area: 83%
[16:03:42] [Worker-Main-8/INFO]: Preparing spawn area: 83%
[16:03:42] [Worker-Main-10/INFO]: Preparing spawn area: 83%
[16:03:42] [Worker-Main-8/INFO]: Preparing spawn area: 83%
[16:03:42] [Worker-Main-10/INFO]: Preparing spawn area: 83%
[16:03:42] [Worker-Main-10/INFO]: Preparing spawn area: 83%
[16:03:42] [Worker-Main-8/INFO]: Preparing spawn area: 83%
[16:03:42] [Worker-Main-8/INFO]: Preparing spawn area: 83%
[16:03:42] [Worker-Main-10/INFO]: Preparing spawn area: 83%
[16:03:42] [Worker-Main-12/INFO]: Preparing spawn area: 83%
[16:03:42] [Worker-Main-14/INFO]: Preparing spawn area: 83%
[16:03:42] [Worker-Main-12/INFO]: Preparing spawn area: 83%
[16:03:42] [Worker-Main-10/INFO]: Preparing spawn area: 83%
[16:03:42] [Worker-Main-14/INFO]: Preparing spawn area: 83%
[16:03:42] [Worker-Main-14/INFO]: Preparing spawn area: 83%
[16:03:42] [Worker-Main-8/INFO]: Preparing spawn area: 83%
[16:03:42] [Worker-Main-14/INFO]: Preparing spawn area: 83%
[16:03:42] [Worker-Main-12/INFO]: Preparing spawn area: 83%
[16:03:42] [Worker-Main-14/INFO]: Preparing spawn area: 83%
[16:03:42] [Worker-Main-14/INFO]: Preparing spawn area: 83%
[16:03:42] [Worker-Main-12/INFO]: Preparing spawn area: 83%
[16:03:42] [Worker-Main-14/INFO]: Preparing spawn area: 83%
[16:03:42] [Worker-Main-12/INFO]: Preparing spawn area: 83%
[16:03:42] [Worker-Main-14/INFO]: Preparing spawn area: 83%
[16:03:42] [Worker-Main-14/INFO]: Preparing spawn area: 83%
[16:03:42] [Worker-Main-8/INFO]: Preparing spawn area: 83%
[16:03:42] [Worker-Main-14/INFO]: Preparing spawn area: 83%
[16:03:42] [Worker-Main-14/INFO]: Preparing spawn area: 83%
[16:03:42] [Worker-Main-14/INFO]: Preparing spawn area: 83%
[16:03:42] [Worker-Main-12/INFO]: Preparing spawn area: 83%
[16:03:42] [Worker-Main-14/INFO]: Preparing spawn area: 83%
[16:03:42] [Worker-Main-14/INFO]: Preparing spawn area: 83%
[16:03:42] [Worker-Main-8/INFO]: Preparing spawn area: 83%
[16:03:42] [Worker-Main-12/INFO]: Preparing spawn area: 83%
[16:03:42] [Worker-Main-14/INFO]: Preparing spawn area: 83%
[16:03:42] [Worker-Main-14/INFO]: Preparing spawn area: 83%
[16:03:42] [Worker-Main-12/INFO]: Preparing spawn area: 83%
[16:03:42] [Worker-Main-14/INFO]: Preparing spawn area: 83%
[16:03:42] [Worker-Main-12/INFO]: Preparing spawn area: 83%
[16:03:42] [Worker-Main-14/INFO]: Preparing spawn area: 83%
[16:03:42] [Worker-Main-12/INFO]: Preparing spawn area: 83%
[16:03:42] [Worker-Main-8/INFO]: Preparing spawn area: 83%
[16:03:42] [Worker-Main-14/INFO]: Preparing spawn area: 83%
[16:03:42] [Worker-Main-12/INFO]: Preparing spawn area: 83%
[16:03:42] [Worker-Main-14/INFO]: Preparing spawn area: 83%
[16:03:42] [Worker-Main-12/INFO]: Preparing spawn area: 83%
[16:03:42] [Worker-Main-12/INFO]: Preparing spawn area: 83%
[16:03:42] [Worker-Main-14/INFO]: Preparing spawn area: 83%
[16:03:42] [Worker-Main-14/INFO]: Preparing spawn area: 83%
[16:03:42] [Worker-Main-14/INFO]: Preparing spawn area: 83%
[16:03:42] [Worker-Main-8/INFO]: Preparing spawn area: 83%
[16:03:42] [Worker-Main-12/INFO]: Preparing spawn area: 83%
[16:03:42] [Worker-Main-8/INFO]: Preparing spawn area: 83%
[16:03:42] [Worker-Main-14/INFO]: Preparing spawn area: 83%
[16:03:42] [Worker-Main-12/INFO]: Preparing spawn area: 83%
[16:03:42] [Worker-Main-14/INFO]: Preparing spawn area: 83%
[16:03:42] [Worker-Main-12/INFO]: Preparing spawn area: 83%
[16:03:42] [Worker-Main-14/INFO]: Preparing spawn area: 83%
[16:03:42] [Worker-Main-12/INFO]: Preparing spawn area: 83%
[16:03:42] [Worker-Main-14/INFO]: Preparing spawn area: 83%
[16:03:42] [Worker-Main-12/INFO]: Preparing spawn area: 83%
[16:03:42] [Worker-Main-14/INFO]: Preparing spawn area: 83%
[16:03:42] [Worker-Main-8/INFO]: Preparing spawn area: 83%
[16:03:42] [Worker-Main-10/INFO]: Preparing spawn area: 83%
[16:03:42] [Worker-Main-8/INFO]: Preparing spawn area: 83%
[16:03:42] [Worker-Main-10/INFO]: Preparing spawn area: 83%
[16:03:42] [Worker-Main-8/INFO]: Preparing spawn area: 83%
[16:03:42] [Worker-Main-10/INFO]: Preparing spawn area: 83%
[16:03:43] [Worker-Main-8/INFO]: Preparing spawn area: 83%
[16:03:43] [Worker-Main-10/INFO]: Preparing spawn area: 83%
[16:03:43] [Worker-Main-8/INFO]: Preparing spawn area: 83%
[16:03:43] [Worker-Main-10/INFO]: Preparing spawn area: 83%
[16:03:43] [Worker-Main-8/INFO]: Preparing spawn area: 83%
[16:03:43] [Worker-Main-10/INFO]: Preparing spawn area: 83%
[16:03:43] [Worker-Main-13/INFO]: Preparing spawn area: 83%
[16:03:43] [Worker-Main-10/INFO]: Preparing spawn area: 83%
[16:03:43] [Worker-Main-8/INFO]: Preparing spawn area: 83%
[16:03:43] [Worker-Main-13/INFO]: Preparing spawn area: 83%
[16:03:43] [Worker-Main-12/INFO]: Preparing spawn area: 83%
[16:03:43] [Worker-Main-8/INFO]: Preparing spawn area: 83%
[16:03:43] [Worker-Main-12/INFO]: Preparing spawn area: 83%
[16:03:43] [Worker-Main-8/INFO]: Preparing spawn area: 83%
[16:03:43] [Worker-Main-10/INFO]: Preparing spawn area: 83%
[16:03:43] [Worker-Main-10/INFO]: Preparing spawn area: 83%
[16:03:43] [Worker-Main-13/INFO]: Preparing spawn area: 83%
[16:03:43] [Worker-Main-11/INFO]: Preparing spawn area: 83%
[16:03:43] [Worker-Main-11/INFO]: Preparing spawn area: 83%
[16:03:43] [Worker-Main-10/INFO]: Preparing spawn area: 83%
[16:03:43] [Worker-Main-9/INFO]: Preparing spawn area: 83%
[16:03:43] [Worker-Main-9/INFO]: Preparing spawn area: 83%
[16:03:43] [Worker-Main-11/INFO]: Preparing spawn area: 83%
[16:03:43] [Worker-Main-9/INFO]: Preparing spawn area: 83%
[16:03:43] [Worker-Main-10/INFO]: Preparing spawn area: 83%
[16:03:43] [Worker-Main-8/INFO]: Preparing spawn area: 83%
[16:03:43] [Worker-Main-10/INFO]: Preparing spawn area: 83%
[16:03:43] [Worker-Main-12/INFO]: Preparing spawn area: 83%
[16:03:43] [Worker-Main-10/INFO]: Preparing spawn area: 83%
[16:03:43] [Worker-Main-12/INFO]: Preparing spawn area: 83%
[16:03:43] [Worker-Main-10/INFO]: Preparing spawn area: 83%
[16:03:43] [Worker-Main-12/INFO]: Preparing spawn area: 83%
[16:03:44] [Worker-Main-8/INFO]: Preparing spawn area: 83%
[16:03:44] [Worker-Main-10/INFO]: Preparing spawn area: 83%
[16:03:45] [Worker-Main-9/INFO]: Preparing spawn area: 83%
[16:03:45] [Worker-Main-9/INFO]: Preparing spawn area: 83%
[16:03:46] [Worker-Main-10/INFO]: Preparing spawn area: 83%
[16:03:46] [Worker-Main-8/INFO]: Preparing spawn area: 83%
[16:03:47] [Worker-Main-10/INFO]: Preparing spawn area: 83%
[16:03:47] [Worker-Main-8/INFO]: Preparing spawn area: 83%
[16:03:48] [Worker-Main-12/INFO]: Preparing spawn area: 83%
[16:03:48] [Worker-Main-10/INFO]: Preparing spawn area: 83%
[16:03:49] [Worker-Main-11/INFO]: Preparing spawn area: 83%
[16:03:49] [Worker-Main-10/INFO]: Preparing spawn area: 83%
[16:03:50] [Worker-Main-13/INFO]: Preparing spawn area: 83%
[16:03:50] [Worker-Main-11/INFO]: Preparing spawn area: 83%
[16:03:51] [Worker-Main-14/INFO]: Preparing spawn area: 83%
[16:03:51] [Worker-Main-11/INFO]: Preparing spawn area: 83%
[16:03:52] [Worker-Main-11/INFO]: Preparing spawn area: 83%
[16:03:52] [Worker-Main-10/INFO]: Preparing spawn area: 83%
[16:03:53] [Worker-Main-10/INFO]: Preparing spawn area: 83%
[16:03:54] [Worker-Main-11/INFO]: Preparing spawn area: 83%
[16:03:54] [Worker-Main-14/INFO]: Preparing spawn area: 83%
[16:03:54] [Worker-Main-10/INFO]: Preparing spawn area: 83%
[16:03:55] [Worker-Main-13/INFO]: Preparing spawn area: 83%
[16:03:55] [Worker-Main-11/INFO]: Preparing spawn area: 83%
[16:03:56] [Worker-Main-8/INFO]: Preparing spawn area: 83%
[16:03:56] [Worker-Main-14/INFO]: Preparing spawn area: 83%
[16:03:57] [Worker-Main-8/INFO]: Preparing spawn area: 83%
[16:04:01] [Worker-Main-8/INFO]: Preparing spawn area: 83%
[16:04:03] [Worker-Main-14/INFO]: Preparing spawn area: 83%
[16:04:05] [Worker-Main-8/INFO]: Preparing spawn area: 83%
[16:04:07] [Worker-Main-10/INFO]: Preparing spawn area: 83%
[16:04:08] [Worker-Main-8/INFO]: Preparing spawn area: 83%
[16:04:10] [Worker-Main-10/INFO]: Preparing spawn area: 83%
[16:04:10] [Worker-Main-14/INFO]: Preparing spawn area: 83%
[16:04:10] [Worker-Main-10/INFO]: Preparing spawn area: 83%
[16:04:10] [Worker-Main-14/INFO]: Preparing spawn area: 83%
[16:04:10] [Worker-Main-10/INFO]: Preparing spawn area: 83%
[16:04:10] [Worker-Main-14/INFO]: Preparing spawn area: 83%
[16:04:10] [Worker-Main-10/INFO]: Preparing spawn area: 83%
[16:04:10] [Worker-Main-8/INFO]: Preparing spawn area: 83%
[16:04:10] [Worker-Main-11/INFO]: Preparing spawn area: 83%
[16:04:10] [Worker-Main-11/INFO]: Preparing spawn area: 83%
[16:04:10] [Worker-Main-8/INFO]: Preparing spawn area: 83%
[16:04:10] [Worker-Main-11/INFO]: Preparing spawn area: 83%
[16:04:10] [Worker-Main-8/INFO]: Preparing spawn area: 83%
[16:04:10] [Worker-Main-11/INFO]: Preparing spawn area: 83%
[16:04:10] [Worker-Main-8/INFO]: Preparing spawn area: 83%
[16:04:10] [Worker-Main-10/INFO]: Preparing spawn area: 83%
[16:04:10] [Worker-Main-10/INFO]: Preparing spawn area: 83%
[16:04:10] [Worker-Main-8/INFO]: Preparing spawn area: 83%
[16:04:10] [Worker-Main-10/INFO]: Preparing spawn area: 83%
[16:04:10] [Worker-Main-8/INFO]: Preparing spawn area: 83%
[16:04:10] [Worker-Main-10/INFO]: Preparing spawn area: 83%
[16:04:11] [Worker-Main-8/INFO]: Preparing spawn area: 83%
[16:04:11] [Worker-Main-8/INFO]: Preparing spawn area: 83%
[16:04:11] [Worker-Main-11/INFO]: Preparing spawn area: 83%
[16:04:12] [Worker-Main-14/INFO]: Preparing spawn area: 83%
[16:04:12] [Worker-Main-12/INFO]: Preparing spawn area: 83%
[16:04:13] [Worker-Main-11/INFO]: Preparing spawn area: 83%
[16:04:15] [Worker-Main-13/INFO]: Preparing spawn area: 83%
[16:04:15] [Worker-Main-13/INFO]: Preparing spawn area: 83%
[16:04:15] [Worker-Main-13/INFO]: Preparing spawn area: 83%
[16:04:15] [Worker-Main-13/INFO]: Preparing spawn area: 83%
[16:04:15] [Worker-Main-14/INFO]: Preparing spawn area: 83%
[16:04:16] [Worker-Main-12/INFO]: Preparing spawn area: 83%
[16:04:16] [Worker-Main-11/INFO]: Preparing spawn area: 83%
[16:04:17] [Worker-Main-11/INFO]: Preparing spawn area: 83%
[16:04:17] [Worker-Main-11/INFO]: Preparing spawn area: 83%
[16:04:18] [Worker-Main-12/INFO]: Preparing spawn area: 83%
[16:04:18] [Worker-Main-12/INFO]: Preparing spawn area: 83%
[16:04:19] [Worker-Main-9/INFO]: Preparing spawn area: 83%
[16:04:19] [Worker-Main-9/INFO]: Preparing spawn area: 83%
[16:04:20] [Worker-Main-13/INFO]: Preparing spawn area: 83%
[16:04:20] [Worker-Main-14/INFO]: Preparing spawn area: 83%
[16:04:21] [Worker-Main-12/INFO]: Preparing spawn area: 84%
[16:04:21] [Worker-Main-12/INFO]: Preparing spawn area: 84%
[16:04:22] [Worker-Main-8/INFO]: Preparing spawn area: 84%
[16:04:22] [Worker-Main-9/INFO]: Preparing spawn area: 84%
[16:04:23] [Worker-Main-12/INFO]: Preparing spawn area: 85%
[16:04:23] [Worker-Main-12/INFO]: Preparing spawn area: 85%
[16:04:24] [Worker-Main-9/INFO]: Preparing spawn area: 85%
[16:04:24] [Server thread/INFO]: Preparing spawn area: 85%
[16:04:25] [Server thread/INFO]: Preparing spawn area: 86%
[16:04:25] [Worker-Main-8/INFO]: Preparing spawn area: 86%
[16:04:26] [Worker-Main-8/INFO]: Preparing spawn area: 87%
[16:04:26] [Worker-Main-12/INFO]: Preparing spawn area: 87%
[16:04:27] [Server thread/INFO]: Preparing spawn area: 87%
[16:04:27] [Worker-Main-9/INFO]: Preparing spawn area: 87%
[16:04:28] [Worker-Main-13/INFO]: Preparing spawn area: 88%
[16:04:28] [Worker-Main-12/INFO]: Preparing spawn area: 88%
[16:04:29] [Worker-Main-9/INFO]: Preparing spawn area: 89%
[16:04:29] [Worker-Main-12/INFO]: Preparing spawn area: 89%
[16:04:30] [Worker-Main-10/INFO]: Preparing spawn area: 90%
[16:04:30] [Worker-Main-10/INFO]: Preparing spawn area: 90%
[16:04:31] [Worker-Main-11/INFO]: Preparing spawn area: 91%
[16:04:31] [Worker-Main-12/INFO]: Preparing spawn area: 91%
[16:04:32] [Worker-Main-13/INFO]: Preparing spawn area: 91%
[16:04:32] [Worker-Main-11/INFO]: Preparing spawn area: 91%
[16:04:33] [Worker-Main-11/INFO]: Preparing spawn area: 91%
[16:04:33] [Worker-Main-12/INFO]: Preparing spawn area: 91%
[16:04:34] [Worker-Main-14/INFO]: Preparing spawn area: 93%
[16:04:34] [Worker-Main-8/INFO]: Preparing spawn area: 94%
[16:04:35] [Server thread/INFO]: Preparing spawn area: 95%
[16:04:35] [Worker-Main-12/INFO]: Preparing spawn area: 96%
[16:04:36] [Worker-Main-11/INFO]: Preparing spawn area: 96%
[16:04:36] [Worker-Main-11/INFO]: Preparing spawn area: 98%
[16:04:37] [Server thread/INFO]: Preparing spawn area: 99%
[16:04:37] [Server thread/INFO]: Time elapsed: 155964 ms
[16:04:37] [Server thread/INFO]: Done (156.893s)! For help, type "help"
[16:04:40] [Server thread/WARN]: Can't keep up! Is the server overloaded? Running 2563ms or 51 ticks behind
[16:05:13] [Server thread/WARN]: Can't keep up! Is the server overloaded? Running 17859ms or 357 ticks behind
[16:10:15] [Server thread/WARN]: Can't keep up! Is the server overloaded? Running 17131ms or 342 ticks behind
[16:15:17] [Server thread/WARN]: Can't keep up! Is the server overloaded? Running 2022ms or 40 ticks behind
[16:16:22] [Server thread/INFO]: yamada6612[/192.168.0.103:41886] logged in with entity id 264 at (-3.5, 66.0, 7.5)
[16:16:22] [Server thread/INFO]: yamada6612 joined the game
[16:16:25] [Server thread/WARN]: Can't keep up! Is the server overloaded? Running 3428ms or 68 ticks behind
[16:16:39] [Server thread/INFO]: yamada6612 lost connection: Timed out
[16:16:39] [Server thread/INFO]: yamada6612 left the game
[16:16:42] [Server thread/WARN]: handleDisconnection() called twice
[16:17:08] [Server thread/INFO]: yamada6612[/192.168.0.103:41892] logged in with entity id 321 at (-3.5, 66.0, 7.5)
[16:17:08] [Server thread/INFO]: yamada6612 joined the game
[16:17:34] [Server Watchdog/FATAL]: A single server tick took 60.00 seconds (should be max 0.05)
[16:17:34] [Server Watchdog/FATAL]: Considering it to be crashed, server will forcibly shutdown.
[16:17:41] [Server Watchdog/ERROR]: This crash report has been saved to: /storage/emulated/0/MC/./crash-reports/crash-2023-05-01_16.17.40-server.txt
[16:17:41] [Server thread/INFO]: Stopping server
[16:17:41] [Server thread/INFO]: Saving players
[16:17:41] [Server thread/INFO]: Saving worlds
[16:17:41] [Server thread/INFO]: Saving chunks for level 'ServerLevel[world]'/minecraft:overworld
[16:17:46] [Server thread/INFO]: ThreadedAnvilChunkStorage (world): All chunks are saved
[16:17:46] [Server thread/INFO]: Saving chunks for level 'ServerLevel[world]'/minecraft:the_nether
[16:17:46] [Server thread/INFO]: ThreadedAnvilChunkStorage (DIM-1): All chunks are saved
[16:17:46] [Server thread/INFO]: Saving chunks for level 'ServerLevel[world]'/minecraft:the_end
[16:17:46] [Server thread/INFO]: ThreadedAnvilChunkStorage (DIM1): All chunks are saved
[16:17:46] [Server thread/INFO]: ThreadedAnvilChunkStorage (world): All chunks are saved
[16:17:46] [Server thread/INFO]: ThreadedAnvilChunkStorage (DIM-1): All chunks are saved
[16:17:46] [Server thread/INFO]: ThreadedAnvilChunkStorage (DIM1): All chunks are saved
